═══════════════════════════════════════
🚀 Starting auto-promotion cycle...
📂 Submitting to directories...
🤖 Auto-promotion bot started
📅 Promoting every 2 hours to 50+ platforms
💰 Maximizing traffic & earnings!
✅ Directories submitted
🔖 Posting to bookmarking sites...
📌 Would post to: Reddit, Digg, StumbleUpon, Mix, Flipboard, Pocket, Instapaper, Scoop.it, Folkd, Diigo
✅ Bookmarking queued
🔄 Submitting to traffic exchanges...
✅ Traffic exchanges updated
📢 Posting to classifieds...
📋 Would post to: Craigslist, Facebook Marketplace, Gumtree, OfferUp, Letgo, Oodle, Geebo
✅ Classifieds queued
🔍 Submitting to search engines...
✅ Search engines pinged
💬 Forum promotion...
🗣️  Would post to: Reddit r/Music, Reddit r/movies, Reddit r/Crypto, Bitcointalk, Warrior Forum, Digital Point
✅ Forum posts queued
🎥 Submitting to video sites...
📹 Would submit to: YouTube, Vimeo, Dailymotion, Rumble, BitChute, Odysee, PeerTube
✅ Video sites queued
🎵 Posting to music platforms...
🎶 Would post to: SoundCloud, Bandcamp, ReverbNation, Audiomack, Mixcloud, Hearthis.at
✅ Music platforms queued
🌐 Submitting to web directories...
📁 Would submit to: DMOZ, Yahoo Directory, Best of the Web, JoeAnt, Jasmine Directory, Gimpsy
✅ Web directories queued
🔗 Creating backlinks...
✍️  Would post to: Medium, Blogger, WordPress.com, Tumblr, Ghost, Substack, Dev.to, Hashnode
✅ Backlinks queued
✅ Promotion cycle complete
📊 Site promoted to 50+ platforms
⏰ Next cycle in 2 hours
═══════════════════════════════════════

ic platforms...
[2026-03-02T23:53:10.518Z] 🎶 Would post to: SoundCloud, Bandcamp, ReverbNation, Audiomack, Mixcloud, Hearthis.at
[2026-03-02T23:53:10.518Z] ✅ Music platforms queued
[2026-03-02T23:53:10.519Z] 🌐 Submitting to web directories...
[2026-03-02T23:53:10.520Z] 📁 Would submit to: DMOZ, Yahoo Directory, Best of the Web, JoeAnt, Jasmine Directory, Gimpsy
[2026-03-02T23:53:10.520Z] ✅ Web directories queued
[2026-03-02T23:53:10.522Z] 🔗 Creating backlinks...
[2026-03-02T23:53:10.522Z] ✍️  Would post to: Medium, Blogger, WordPress.com, Tumblr, Ghost, Substack, Dev.to, Hashnode
[2026-03-02T23:53:10.523Z] ✅ Backlinks queued
[2026-03-02T23:53:10.523Z] ✅ Promotion cycle complete
[2026-03-02T23:53:10.524Z] 📊 Site promoted to 50+ platforms
[2026-03-02T23:53:10.525Z] ⏰ Next cycle in 2 hours
[2026-03-02T23:53:10.526Z] ═══════════════════════════════════════

