[2026-03-02T22:53:08.453Z] 🚀 Starting traffic automation...
[2026-03-02T22:53:08.469Z] 📱 Posting to Reddit...
[2026-03-02T22:53:08.471Z] ✅ Reddit post scheduled
[2026-03-02T22:53:08.472Z] ⏰ Automation script started - running every hour
[2026-03-02T22:53:08.475Z] 🔄 Submitting to traffic exchanges...
[2026-03-02T22:53:10.445Z] ✅ Traffic exchanges updated
[2026-03-02T22:53:10.449Z] 🔍 Pinging search engines...
[2026-03-02T22:53:11.247Z] ✅ Search engines pinged
[2026-03-02T22:53:11.251Z] 📤 Auto-sharing content...
[2026-03-02T22:53:11.256Z] ✅ Content shared
[2026-03-02T22:53:11.259Z] 🌐 Generating iframe traffic...
[2026-03-02T22:53:11.260Z] ✅ Iframe traffic generated
[2026-03-02T22:53:11.261Z] ✅ Automation cycle complete
[2026-03-02T22:53:11.262Z] 📊 Next run in 1 hour
[2026-03-03T00:03:40.892Z] 🚀 Starting traffic automation...
[2026-03-03T00:03:40.928Z] 📱 Posting to Reddit...
[2026-03-03T00:03:40.929Z] ✅ Reddit post scheduled
[2026-03-03T00:03:40.932Z] 🔄 Submitting to traffic exchanges...
[2026-03-03T00:03:43.284Z] ✅ Traffic exchanges updated
[2026-03-03T00:03:43.286Z] 🔍 Pinging search engines...
[2026-03-03T00:03:44.051Z] ✅ Search engines pinged
[2026-03-03T00:03:44.052Z] 📤 Auto-sharing content...
[2026-03-03T00:03:44.053Z] ✅ Content shared
[2026-03-03T00:03:44.053Z] 🌐 Generating iframe traffic...
[2026-03-03T00:03:44.054Z] ✅ Iframe traffic generated
[2026-03-03T00:03:44.054Z] ✅ Automation cycle complete
[2026-03-03T00:03:44.055Z] 📊 Next run in 1 hour
