🚀 Starting traffic automation...
📱 Posting to Reddit...
✅ Reddit post scheduled
⏰ Automation script started - running every hour
🔄 Submitting to traffic exchanges...
✅ Traffic exchanges updated
🔍 Pinging search engines...
✅ Search engines pinged
📤 Auto-sharing content...
✅ Content shared
🌐 Generating iframe traffic...
✅ Iframe traffic generated
✅ Automation cycle complete
📊 Next run in 1 hour
🚀 Starting traffic automation...
📱 Posting to Reddit...
✅ Reddit post scheduled
🔄 Submitting to traffic exchanges...
✅ Traffic exchanges updated
🔍 Pinging search engines...
✅ Search engines pinged
📤 Auto-sharing content...
✅ Content shared
🌐 Generating iframe traffic...
✅ Iframe traffic generated
✅ Automation cycle complete
📊 Next run in 1 hour
